<?xml version="1.0" encoding="UTF-8"?>
<!-- Generated by org.testng.reporters.JUnitReportReporter -->
<testsuite hostname="DESKTOP-PR20HCE" failures="0" tests="1" name="cucumberOptions.TestngTestRunner" time="18.315" errors="0" timestamp="2023-03-17T19:25:55 IST" skipped="0">
  <testcase classname="cucumberOptions.TestngTestRunner" name="runScenario" time="18.315"/>
  <system-out/>
</testsuite> <!-- cucumberOptions.TestngTestRunner -->
